<?xml version="1.0" encoding="UTF-8"?>
<testng-results skipped="0" failed="1" ignored="0" total="1" passed="0">
  <reporter-output>
    <line>
      <![CDATA[login page title is verify]]>
    </line>
    <line>
      <![CDATA[username text box is displayed]]>
    </line>
    <line>
      <![CDATA[password text box is displayed]]>
    </line>
    <line>
      <![CDATA[login button  is displayed]]>
    </line>
    <line>
      <![CDATA[home page title is verified]]>
    </line>
    <line>
      <![CDATA[create user]]>
    </line>
    <line>
      <![CDATA[create reports]]>
    </line>
  </reporter-output>
  <suite name="Default suite" duration-ms="88518" started-at="2022-08-28T22:11:43 IST" finished-at="2022-08-28T22:13:12 IST">
    <groups>
    </groups>
    <test name="Default test" duration-ms="88518" started-at="2022-08-28T22:11:43 IST" finished-at="2022-08-28T22:13:12 IST">
      <class name="testNGpack.ActitimeAssertion">
        <test-method status="PASS" signature="setUp()[pri:0, instance:testNGpack.ActitimeAssertion@4d50efb8]" name="setUp" is-config="true" duration-ms="71977" started-at="2022-08-28T22:11:43 IST" finished-at="2022-08-28T22:12:55 IST">
          <reporter-output>
          </reporter-output>
        </test-method> <!-- setUp -->
        <test-method status="FAIL" signature="ActiTime()[pri:0, instance:testNGpack.ActitimeAssertion@4d50efb8]" name="ActiTime" duration-ms="13367" started-at="2022-08-28T22:12:55 IST" finished-at="2022-08-28T22:13:09 IST">
          <exception class="java.lang.AssertionError">
            <message>
              <![CDATA[The following asserts failed:
expected [Actitime - login] but found [actiTIME - Login],
expected [ actiTime - Enter Time Track] but found [actiTIME - Enter Time-Track]]]>
            </message>
            <full-stacktrace>
              <![CDATA[java.lang.AssertionError: The following asserts failed:
expected [Actitime - login] but found [actiTIME - Login],
expected [ actiTime - Enter Time Track] but found [actiTIME - Enter Time-Track]
at org.testng.asserts.SoftAssert.assertAll(SoftAssert.java:47)
at org.testng.asserts.SoftAssert.assertAll(SoftAssert.java:31)
at testNGpack.ActitimeAssertion.ActiTime(ActitimeAssertion.java:83)
at sun.reflect.NativeMethodAccessorImpl.invoke0(Native Method)
at sun.reflect.NativeMethodAccessorImpl.invoke(Unknown Source)
at sun.reflect.DelegatingMethodAccessorImpl.invoke(Unknown Source)
at java.lang.reflect.Method.invoke(Unknown Source)
at org.testng.internal.MethodInvocationHelper.invokeMethod(MethodInvocationHelper.java:133)
at org.testng.internal.TestInvoker.invokeMethod(TestInvoker.java:598)
at org.testng.internal.TestInvoker.invokeTestMethod(TestInvoker.java:173)
at org.testng.internal.MethodRunner.runInSequence(MethodRunner.java:46)
at org.testng.internal.TestInvoker$MethodInvocationAgent.invoke(TestInvoker.java:824)
at org.testng.internal.TestInvoker.invokeTestMethods(TestInvoker.java:146)
at org.testng.internal.TestMethodWorker.invokeTestMethods(TestMethodWorker.java:146)
at org.testng.internal.TestMethodWorker.run(TestMethodWorker.java:128)
at java.util.ArrayList.forEach(Unknown Source)
at org.testng.TestRunner.privateRun(TestRunner.java:794)
at org.testng.TestRunner.run(TestRunner.java:596)
at org.testng.SuiteRunner.runTest(SuiteRunner.java:377)
at org.testng.SuiteRunner.runSequentially(SuiteRunner.java:371)
at org.testng.SuiteRunner.privateRun(SuiteRunner.java:332)
at org.testng.SuiteRunner.run(SuiteRunner.java:276)
at org.testng.SuiteRunnerWorker.runSuite(SuiteRunnerWorker.java:53)
at org.testng.SuiteRunnerWorker.run(SuiteRunnerWorker.java:96)
at org.testng.TestNG.runSuitesSequentially(TestNG.java:1212)
at org.testng.TestNG.runSuitesLocally(TestNG.java:1134)
at org.testng.TestNG.runSuites(TestNG.java:1063)
at org.testng.TestNG.run(TestNG.java:1031)
at org.testng.remote.AbstractRemoteTestNG.run(AbstractRemoteTestNG.java:115)
at org.testng.remote.RemoteTestNG.initAndRun(RemoteTestNG.java:251)
at org.testng.remote.RemoteTestNG.main(RemoteTestNG.java:77)
]]>
            </full-stacktrace>
          </exception> <!-- java.lang.AssertionError -->
          <reporter-output>
            <line>
              <![CDATA[login page title is verify]]>
            </line>
            <line>
              <![CDATA[username text box is displayed]]>
            </line>
            <line>
              <![CDATA[password text box is displayed]]>
            </line>
            <line>
              <![CDATA[login button  is displayed]]>
            </line>
            <line>
              <![CDATA[home page title is verified]]>
            </line>
            <line>
              <![CDATA[create user]]>
            </line>
            <line>
              <![CDATA[create reports]]>
            </line>
          </reporter-output>
        </test-method> <!-- ActiTime -->
        <test-method status="PASS" signature="tearDown()[pri:0, instance:testNGpack.ActitimeAssertion@4d50efb8]" name="tearDown" is-config="true" duration-ms="3039" started-at="2022-08-28T22:13:09 IST" finished-at="2022-08-28T22:13:12 IST">
          <reporter-output>
          </reporter-output>
        </test-method> <!-- tearDown -->
      </class> <!-- testNGpack.ActitimeAssertion -->
    </test> <!-- Default test -->
  </suite> <!-- Default suite -->
</testng-results>
